<?xml version="1.0" encoding="UTF-8"?>
<!-- Generated by org.testng.reporters.JUnitXMLReporter -->
<testsuite ignored="0" hostname="DESKTOP-AP5M17I" failures="0" tests="5" name="Default test" time="10.497" errors="0" timestamp="2022-08-05T10:20:07 IST">
  <testcase classname="CRUDWithBDD.ResponseValidation" name="getImmunization" time="4.191"/>
  <testcase classname="CRUDWithBDD.ResponseValidation" name="getLocation" time="1.112"/>
  <testcase classname="CRUDWithBDD.ResponseValidation" name="getObservation" time="1.632"/>
  <testcase classname="CRUDWithBDD.ResponseValidation" name="getOrganisation" time="1.402"/>
  <testcase classname="CRUDWithBDD.ResponseValidation" name="getPatient" time="2.018"/>
</testsuite> <!-- Default test -->
