<?xml version="1.0" encoding="UTF-8"?>
<!-- Generated by org.testng.reporters.JUnitXMLReporter -->
<testsuite ignored="0" hostname="DESKTOP-AP5M17I" failures="0" tests="5" name="Default test" time="8.132" errors="0" timestamp="2022-08-02T11:00:12 IST">
  <testcase classname="CRUDWithBDD.ResponseValidation" name="getImmunization" time="4.916"/>
  <testcase classname="CRUDWithBDD.ResponseValidation" name="getLocation" time="0.664"/>
  <testcase classname="CRUDWithBDD.ResponseValidation" name="getObservation" time="0.673"/>
  <testcase classname="CRUDWithBDD.ResponseValidation" name="getOrganisation" time="0.688"/>
  <testcase classname="CRUDWithBDD.ResponseValidation" name="getPatient" time="1.109"/>
</testsuite> <!-- Default test -->
