<?xml version="1.0" encoding="UTF-8"?>
<!-- Generated by org.testng.reporters.JUnitXMLReporter -->
<testsuite ignored="0" hostname="DESKTOP-AP5M17I" failures="0" tests="11" name="Test" time="13.21" errors="0" timestamp="2022-08-02T13:32:02 IST">
  <testcase classname="CRUDWithBDD.ResponseValidation" name="getImmunization" time="5.095"/>
  <testcase classname="CRUDWithBDD.ResponseValidation" name="getLocation" time="0.777"/>
  <testcase classname="CRUDWithBDD.ResponseValidation" name="getObservation" time="0.738"/>
  <testcase classname="CRUDWithBDD.ResponseValidation" name="getOrganisation" time="0.809"/>
  <testcase classname="CRUDWithBDD.ResponseValidation" name="getPatient" time="1.19"/>
  <testcase classname="CRUDWithBDD.GetResponse" name="getImmunization" time="0.934"/>
  <testcase classname="CRUDWithBDD.GetResponse" name="getLocation" time="0.593"/>
  <testcase classname="CRUDWithBDD.GetResponse" name="getObservation" time="0.615"/>
  <testcase classname="CRUDWithBDD.GetResponse" name="getOrganization" time="0.607"/>
  <testcase classname="CRUDWithBDD.GetResponse" name="getPatient" time="0.919"/>
  <testcase classname="CRUDWithBDD.GetResponse" name="getPractitioner" time="0.842"/>
</testsuite> <!-- Test -->
