<?xml version="1.0" encoding="UTF-8"?>
<!-- Generated by org.testng.reporters.JUnitXMLReporter -->
<testsuite ignored="0" hostname="DESKTOP-AP5M17I" failures="1" tests="11" name="Test" time="12.071" errors="0" timestamp="2022-08-03T09:28:46 IST">
  <testcase classname="CRUDWithBDD.ResponseValidation" name="getImmunization" time="3.639"/>
  <testcase classname="CRUDWithBDD.ResponseValidation" name="getLocation" time="0.79"/>
  <testcase classname="CRUDWithBDD.ResponseValidation" name="getObservation" time="0.687"/>
  <testcase classname="CRUDWithBDD.ResponseValidation" name="getOrganisation" time="0.741">
    <failure type="junit.framework.ComparisonFailure" message="expected:&amp;lt;[Test Organization]&amp;gt; but was:&amp;lt;[no id test]&amp;gt;">
      <![CDATA[junit.framework.ComparisonFailure: expected:<[Test Organization]> but was:<[no id test]>
at junit.framework.Assert.assertEquals(Assert.java:85)
at junit.framework.Assert.assertEquals(Assert.java:91)
at CRUDWithBDD.ResponseValidation.getOrganisation(ResponseValidation.java:34)
at java.base/java.util.ArrayList.forEach(ArrayList.java:1511)
... Removed 27 stack frames]]>
    </failure>
  </testcase> <!-- getOrganisation -->
  <testcase classname="CRUDWithBDD.ResponseValidation" name="getPatient" time="1.275"/>
  <testcase classname="CRUDWithBDD.GetResponse" name="getImmunization" time="0.922"/>
  <testcase classname="CRUDWithBDD.GetResponse" name="getLocation" time="0.613"/>
  <testcase classname="CRUDWithBDD.GetResponse" name="getObservation" time="0.612"/>
  <testcase classname="CRUDWithBDD.GetResponse" name="getOrganization" time="0.601"/>
  <testcase classname="CRUDWithBDD.GetResponse" name="getPatient" time="1.376"/>
  <testcase classname="CRUDWithBDD.GetResponse" name="getPractitioner" time="0.69"/>
</testsuite> <!-- Test -->
