<?xml version="1.0" encoding="UTF-8"?>
<testng-results ignored="0" total="1" passed="1" failed="0" skipped="0">
  <reporter-output>
  </reporter-output>
  <suite started-at="2022-08-25T12:55:12 IST" name="Default suite" finished-at="2022-08-25T12:55:30 IST" duration-ms="17695">
    <groups>
    </groups>
    <test started-at="2022-08-25T12:55:12 IST" name="Default test" finished-at="2022-08-25T12:55:30 IST" duration-ms="17695">
      <class name="CRUDWithBDD.ReadDataFromPractionerXml">
        <test-method signature="reading()[pri:0, instance:CRUDWithBDD.ReadDataFromPractionerXml@4f2b503c]" started-at="2022-08-25T12:55:12 IST" name="reading" finished-at="2022-08-25T12:55:30 IST" duration-ms="17610" status="PASS">
          <reporter-output>
          </reporter-output>
        </test-method> <!-- reading -->
      </class> <!-- CRUDWithBDD.ReadDataFromPractionerXml -->
    </test> <!-- Default test -->
  </suite> <!-- Default suite -->
</testng-results>
